Looking for git in: git
Using git 2.17.1 from git
> git rev-parse --show-toplevel
> git rev-parse --git-dir
> git config --get commit.template
Open repository: /source/kiali/kiali/src/github.com/kiali/kiali
> git status -z -u
> git check-ignore -v -z --stdin
> git symbolic-ref --short HEAD
> git rev-parse master
> git rev-parse --symbolic-full-name master@{u}
> git rev-list --left-right master...refs/remotes/origin/master
> git for-each-ref --format %(refname) %(objectname) --sort -committerdate
> git remote --verbose
Failed to watch ref '/source/kiali/kiali/src/github.com/kiali/kiali/.git/refs/remotes/origin/master'. Ref is most likely packed.
> git check-ignore -v -z --stdin
> git check-ignore -v -z --stdin
> git show :graph/telemetry/istio/appender/response_time.go
> git show :vendor/github.com/prometheus/client_golang/prometheus/histogram.go
> git check-ignore -v -z --stdin
> git show :prometheus/metrics.go
> git check-ignore -v -z --stdin
